ARM GAS  /var/folders/yr/v27j6cl917jdx7ksvb_6h6k00000gn/T//cc8wi2t4.s 			page 1


   1              		.cpu cortex-m4
   2              		.arch armv7e-m
   3              		.fpu fpv4-sp-d16
   4              		.eabi_attribute 27, 1
   5              		.eabi_attribute 28, 1
   6              		.eabi_attribute 20, 1
   7              		.eabi_attribute 21, 1
   8              		.eabi_attribute 23, 3
   9              		.eabi_attribute 24, 1
  10              		.eabi_attribute 25, 1
  11              		.eabi_attribute 26, 1
  12              		.eabi_attribute 30, 1
  13              		.eabi_attribute 34, 1
  14              		.eabi_attribute 18, 4
  15              		.file	"gpio.c"
  16              		.text
  17              	.Ltext0:
  18              		.cfi_sections	.debug_frame
  19              		.file 1 "Src/gpio.c"
  20              		.section	.text.MX_GPIO_Init,"ax",%progbits
  21              		.align	1
  22              		.global	MX_GPIO_Init
  23              		.syntax unified
  24              		.thumb
  25              		.thumb_func
  27              	MX_GPIO_Init:
  28              	.LFB134:
   1:Src/gpio.c    **** /* USER CODE BEGIN Header */
   2:Src/gpio.c    **** /**
   3:Src/gpio.c    ****   ******************************************************************************
   4:Src/gpio.c    ****   * @file    gpio.c
   5:Src/gpio.c    ****   * @brief   This file provides code for the configuration
   6:Src/gpio.c    ****   *          of all used GPIO pins.
   7:Src/gpio.c    ****   ******************************************************************************
   8:Src/gpio.c    ****   * @attention
   9:Src/gpio.c    ****   *
  10:Src/gpio.c    ****   * Copyright (c) 2025 STMicroelectronics.
  11:Src/gpio.c    ****   * All rights reserved.
  12:Src/gpio.c    ****   *
  13:Src/gpio.c    ****   * This software is licensed under terms that can be found in the LICENSE file
  14:Src/gpio.c    ****   * in the root directory of this software component.
  15:Src/gpio.c    ****   * If no LICENSE file comes with this software, it is provided AS-IS.
  16:Src/gpio.c    ****   *
  17:Src/gpio.c    ****   ******************************************************************************
  18:Src/gpio.c    ****   */
  19:Src/gpio.c    **** /* USER CODE END Header */
  20:Src/gpio.c    **** 
  21:Src/gpio.c    **** /* Includes ------------------------------------------------------------------*/
  22:Src/gpio.c    **** #include "gpio.h"
  23:Src/gpio.c    **** 
  24:Src/gpio.c    **** /* USER CODE BEGIN 0 */
  25:Src/gpio.c    **** 
  26:Src/gpio.c    **** /* USER CODE END 0 */
  27:Src/gpio.c    **** 
  28:Src/gpio.c    **** /*----------------------------------------------------------------------------*/
  29:Src/gpio.c    **** /* Configure GPIO                                                             */
  30:Src/gpio.c    **** /*----------------------------------------------------------------------------*/
ARM GAS  /var/folders/yr/v27j6cl917jdx7ksvb_6h6k00000gn/T//cc8wi2t4.s 			page 2


  31:Src/gpio.c    **** /* USER CODE BEGIN 1 */
  32:Src/gpio.c    **** 
  33:Src/gpio.c    **** /* USER CODE END 1 */
  34:Src/gpio.c    **** 
  35:Src/gpio.c    **** /** Configure pins
  36:Src/gpio.c    **** */
  37:Src/gpio.c    **** void MX_GPIO_Init(void)
  38:Src/gpio.c    **** {
  29              		.loc 1 38 1 view -0
  30              		.cfi_startproc
  31              		@ args = 0, pretend = 0, frame = 32
  32              		@ frame_needed = 0, uses_anonymous_args = 0
  33 0000 2DE9F041 		push	{r4, r5, r6, r7, r8, lr}
  34              	.LCFI0:
  35              		.cfi_def_cfa_offset 24
  36              		.cfi_offset 4, -24
  37              		.cfi_offset 5, -20
  38              		.cfi_offset 6, -16
  39              		.cfi_offset 7, -12
  40              		.cfi_offset 8, -8
  41              		.cfi_offset 14, -4
  42 0004 88B0     		sub	sp, sp, #32
  43              	.LCFI1:
  44              		.cfi_def_cfa_offset 56
  39:Src/gpio.c    **** 
  40:Src/gpio.c    ****   GPIO_InitTypeDef GPIO_InitStruct = {0};
  45              		.loc 1 40 3 view .LVU1
  46              		.loc 1 40 20 is_stmt 0 view .LVU2
  47 0006 03AD     		add	r5, sp, #12
  48 0008 0024     		movs	r4, #0
  49 000a 0394     		str	r4, [sp, #12]
  50 000c 0494     		str	r4, [sp, #16]
  51 000e 0594     		str	r4, [sp, #20]
  52 0010 0694     		str	r4, [sp, #24]
  53 0012 0794     		str	r4, [sp, #28]
  41:Src/gpio.c    **** 
  42:Src/gpio.c    ****   /* GPIO Ports Clock Enable */
  43:Src/gpio.c    ****   __HAL_RCC_GPIOA_CLK_ENABLE();
  54              		.loc 1 43 3 is_stmt 1 view .LVU3
  55              	.LBB2:
  56              		.loc 1 43 3 view .LVU4
  57 0014 0194     		str	r4, [sp, #4]
  58              		.loc 1 43 3 view .LVU5
  59 0016 1F4B     		ldr	r3, .L3
  60 0018 1A6B     		ldr	r2, [r3, #48]
  61 001a 42F00102 		orr	r2, r2, #1
  62 001e 1A63     		str	r2, [r3, #48]
  63              		.loc 1 43 3 view .LVU6
  64 0020 1A6B     		ldr	r2, [r3, #48]
  65 0022 02F00102 		and	r2, r2, #1
  66 0026 0192     		str	r2, [sp, #4]
  67              		.loc 1 43 3 view .LVU7
  68 0028 019A     		ldr	r2, [sp, #4]
  69              	.LBE2:
  70              		.loc 1 43 3 view .LVU8
  44:Src/gpio.c    ****   __HAL_RCC_GPIOD_CLK_ENABLE();
  71              		.loc 1 44 3 view .LVU9
ARM GAS  /var/folders/yr/v27j6cl917jdx7ksvb_6h6k00000gn/T//cc8wi2t4.s 			page 3


  72              	.LBB3:
  73              		.loc 1 44 3 view .LVU10
  74 002a 0294     		str	r4, [sp, #8]
  75              		.loc 1 44 3 view .LVU11
  76 002c 1A6B     		ldr	r2, [r3, #48]
  77 002e 42F00802 		orr	r2, r2, #8
  78 0032 1A63     		str	r2, [r3, #48]
  79              		.loc 1 44 3 view .LVU12
  80 0034 1B6B     		ldr	r3, [r3, #48]
  81 0036 03F00803 		and	r3, r3, #8
  82 003a 0293     		str	r3, [sp, #8]
  83              		.loc 1 44 3 view .LVU13
  84 003c 029B     		ldr	r3, [sp, #8]
  85              	.LBE3:
  86              		.loc 1 44 3 view .LVU14
  45:Src/gpio.c    **** 
  46:Src/gpio.c    ****   /*Configure GPIO pin Output Level */
  47:Src/gpio.c    ****   HAL_GPIO_WritePin(GPIOD, LED_VERT_Pin|LED_ORANGE_Pin|LED_RED_Pin|LED_BLEU_Pin, GPIO_PIN_RESET);
  87              		.loc 1 47 3 view .LVU15
  88 003e 164F     		ldr	r7, .L3+4
  89 0040 2246     		mov	r2, r4
  90 0042 4FF47041 		mov	r1, #61440
  91 0046 3846     		mov	r0, r7
  92 0048 FFF7FEFF 		bl	HAL_GPIO_WritePin
  93              	.LVL0:
  48:Src/gpio.c    **** 
  49:Src/gpio.c    ****   /*Configure GPIO pin : PA0 */
  50:Src/gpio.c    ****   GPIO_InitStruct.Pin = GPIO_PIN_0;
  94              		.loc 1 50 3 view .LVU16
  95              		.loc 1 50 23 is_stmt 0 view .LVU17
  96 004c 4FF00108 		mov	r8, #1
  97 0050 CDF80C80 		str	r8, [sp, #12]
  51:Src/gpio.c    ****   GPIO_InitStruct.Mode = GPIO_MODE_INPUT;
  98              		.loc 1 51 3 is_stmt 1 view .LVU18
  99              		.loc 1 51 24 is_stmt 0 view .LVU19
 100 0054 0494     		str	r4, [sp, #16]
  52:Src/gpio.c    ****   GPIO_InitStruct.Pull = GPIO_PULLDOWN;
 101              		.loc 1 52 3 is_stmt 1 view .LVU20
 102              		.loc 1 52 24 is_stmt 0 view .LVU21
 103 0056 0223     		movs	r3, #2
 104 0058 0593     		str	r3, [sp, #20]
  53:Src/gpio.c    ****   HAL_GPIO_Init(GPIOA, &GPIO_InitStruct);
 105              		.loc 1 53 3 is_stmt 1 view .LVU22
 106 005a 104E     		ldr	r6, .L3+8
 107 005c 2946     		mov	r1, r5
 108 005e 3046     		mov	r0, r6
 109 0060 FFF7FEFF 		bl	HAL_GPIO_Init
 110              	.LVL1:
  54:Src/gpio.c    **** 
  55:Src/gpio.c    ****   /*Configure GPIO pins : LED_VERT_Pin LED_ORANGE_Pin LED_RED_Pin LED_BLEU_Pin */
  56:Src/gpio.c    ****   GPIO_InitStruct.Pin = LED_VERT_Pin|LED_ORANGE_Pin|LED_RED_Pin|LED_BLEU_Pin;
 111              		.loc 1 56 3 view .LVU23
 112              		.loc 1 56 23 is_stmt 0 view .LVU24
 113 0064 4FF47043 		mov	r3, #61440
 114 0068 0393     		str	r3, [sp, #12]
  57:Src/gpio.c    ****   GPIO_InitStruct.Mode = GPIO_MODE_OUTPUT_PP;
 115              		.loc 1 57 3 is_stmt 1 view .LVU25
ARM GAS  /var/folders/yr/v27j6cl917jdx7ksvb_6h6k00000gn/T//cc8wi2t4.s 			page 4


 116              		.loc 1 57 24 is_stmt 0 view .LVU26
 117 006a CDF81080 		str	r8, [sp, #16]
  58:Src/gpio.c    ****   GPIO_InitStruct.Pull = GPIO_NOPULL;
 118              		.loc 1 58 3 is_stmt 1 view .LVU27
 119              		.loc 1 58 24 is_stmt 0 view .LVU28
 120 006e 0594     		str	r4, [sp, #20]
  59:Src/gpio.c    ****   GPIO_InitStruct.Speed = GPIO_SPEED_FREQ_LOW;
 121              		.loc 1 59 3 is_stmt 1 view .LVU29
 122              		.loc 1 59 25 is_stmt 0 view .LVU30
 123 0070 0694     		str	r4, [sp, #24]
  60:Src/gpio.c    ****   HAL_GPIO_Init(GPIOD, &GPIO_InitStruct);
 124              		.loc 1 60 3 is_stmt 1 view .LVU31
 125 0072 2946     		mov	r1, r5
 126 0074 3846     		mov	r0, r7
 127 0076 FFF7FEFF 		bl	HAL_GPIO_Init
 128              	.LVL2:
  61:Src/gpio.c    **** 
  62:Src/gpio.c    ****   /*Configure GPIO pin : PA9 */
  63:Src/gpio.c    ****   GPIO_InitStruct.Pin = GPIO_PIN_9;
 129              		.loc 1 63 3 view .LVU32
 130              		.loc 1 63 23 is_stmt 0 view .LVU33
 131 007a 4FF40073 		mov	r3, #512
 132 007e 0393     		str	r3, [sp, #12]
  64:Src/gpio.c    ****   GPIO_InitStruct.Mode = GPIO_MODE_INPUT;
 133              		.loc 1 64 3 is_stmt 1 view .LVU34
 134              		.loc 1 64 24 is_stmt 0 view .LVU35
 135 0080 0494     		str	r4, [sp, #16]
  65:Src/gpio.c    ****   GPIO_InitStruct.Pull = GPIO_NOPULL;
 136              		.loc 1 65 3 is_stmt 1 view .LVU36
 137              		.loc 1 65 24 is_stmt 0 view .LVU37
 138 0082 0594     		str	r4, [sp, #20]
  66:Src/gpio.c    ****   HAL_GPIO_Init(GPIOA, &GPIO_InitStruct);
 139              		.loc 1 66 3 is_stmt 1 view .LVU38
 140 0084 2946     		mov	r1, r5
 141 0086 3046     		mov	r0, r6
 142 0088 FFF7FEFF 		bl	HAL_GPIO_Init
 143              	.LVL3:
  67:Src/gpio.c    **** 
  68:Src/gpio.c    **** }
 144              		.loc 1 68 1 is_stmt 0 view .LVU39
 145 008c 08B0     		add	sp, sp, #32
 146              	.LCFI2:
 147              		.cfi_def_cfa_offset 24
 148              		@ sp needed
 149 008e BDE8F081 		pop	{r4, r5, r6, r7, r8, pc}
 150              	.L4:
 151 0092 00BF     		.align	2
 152              	.L3:
 153 0094 00380240 		.word	1073887232
 154 0098 000C0240 		.word	1073875968
 155 009c 00000240 		.word	1073872896
 156              		.cfi_endproc
 157              	.LFE134:
 159              		.text
 160              	.Letext0:
 161              		.file 2 "/Applications/ArmGNUToolchain/14.2.rel1/arm-none-eabi/arm-none-eabi/include/machine/_defa
 162              		.file 3 "/Applications/ArmGNUToolchain/14.2.rel1/arm-none-eabi/arm-none-eabi/include/sys/_stdint.h
ARM GAS  /var/folders/yr/v27j6cl917jdx7ksvb_6h6k00000gn/T//cc8wi2t4.s 			page 5


 163              		.file 4 "Drivers/CMSIS/Device/ST/STM32F4xx/Include/stm32f407xx.h"
 164              		.file 5 "Drivers/STM32F4xx_HAL_Driver/Inc/stm32f4xx_hal_gpio.h"
ARM GAS  /var/folders/yr/v27j6cl917jdx7ksvb_6h6k00000gn/T//cc8wi2t4.s 			page 6


DEFINED SYMBOLS
                            *ABS*:00000000 gpio.c
/var/folders/yr/v27j6cl917jdx7ksvb_6h6k00000gn/T//cc8wi2t4.s:21     .text.MX_GPIO_Init:00000000 $t
/var/folders/yr/v27j6cl917jdx7ksvb_6h6k00000gn/T//cc8wi2t4.s:27     .text.MX_GPIO_Init:00000000 MX_GPIO_Init
/var/folders/yr/v27j6cl917jdx7ksvb_6h6k00000gn/T//cc8wi2t4.s:153    .text.MX_GPIO_Init:00000094 $d

UNDEFINED SYMBOLS
HAL_GPIO_WritePin
HAL_GPIO_Init
