<<<<<<< HEAD
ARM GAS  /var/folders/yr/v27j6cl917jdx7ksvb_6h6k00000gn/T//ccK7qrs7.s 			page 1
=======
ARM GAS  /tmp/ccuCoxC1.s 			page 1
>>>>>>> origin/gestion_du_capteur_HC-SR04


   1              		.cpu cortex-m4
   2              		.arch armv7e-m
   3              		.fpu fpv4-sp-d16
   4              		.eabi_attribute 27, 1
   5              		.eabi_attribute 28, 1
   6              		.eabi_attribute 20, 1
   7              		.eabi_attribute 21, 1
   8              		.eabi_attribute 23, 3
   9              		.eabi_attribute 24, 1
  10              		.eabi_attribute 25, 1
  11              		.eabi_attribute 26, 1
  12              		.eabi_attribute 30, 1
  13              		.eabi_attribute 34, 1
  14              		.eabi_attribute 18, 4
  15              		.file	"stm32f4xx_hal_flash_ramfunc.c"
  16              		.text
  17              	.Ltext0:
  18              		.cfi_sections	.debug_frame
  19              		.file 1 "Drivers/STM32F4xx_HAL_Driver/Src/stm32f4xx_hal_flash_ramfunc.c"
  20              	.Letext0:
<<<<<<< HEAD
ARM GAS  /var/folders/yr/v27j6cl917jdx7ksvb_6h6k00000gn/T//ccK7qrs7.s 			page 2
=======
ARM GAS  /tmp/ccuCoxC1.s 			page 2
>>>>>>> origin/gestion_du_capteur_HC-SR04


DEFINED SYMBOLS
                            *ABS*:00000000 stm32f4xx_hal_flash_ramfunc.c

NO UNDEFINED SYMBOLS
